TN:
SF:/mnt/c/Users/91733/Downloads/subscriber_mgmt_multithreaded_fixed (1)/subscriber_mgmt_multithreaded_fixed/include/common.h
FNL:0,101,105
FNA:0,157,sm_rwlock_init
FNL:1,107,110
FNA:1,38546,sm_rwlock_rdlock
FNL:2,112,115
FNA:2,30709,sm_rwlock_wrlock
FNL:3,117,120
FNA:3,69290,sm_rwlock_unlock
FNL:4,122,125
FNA:4,157,sm_rwlock_destroy
FNL:5,80,84
FNA:5,42,sm_mutex_init
FNL:6,86,89
FNA:6,64806,sm_mutex_lock
FNL:7,91,94
FNA:7,64826,sm_mutex_unlock
FNL:8,96,99
FNA:8,41,sm_mutex_destroy
FNF:9
FNH:9
DA:80,42
DA:82,42
DA:83,42
DA:86,64806
DA:88,64806
DA:91,64826
DA:93,64826
DA:96,41
DA:98,41
DA:101,157
DA:103,157
DA:104,157
DA:107,38546
DA:109,38546
DA:112,30709
DA:114,30709
DA:117,69290
DA:119,69290
DA:122,157
DA:124,157
LF:20
LH:20
end_of_record
TN:
SF:/mnt/c/Users/91733/Downloads/subscriber_mgmt_multithreaded_fixed (1)/subscriber_mgmt_multithreaded_fixed/src/auth.c
FNL:0,110,118
FNA:0,658,xorshift64star
FNL:1,120,133
FNA:1,224,ensure_thread_rng_seeded
FNL:2,135,148
FNA:2,224,fill_random
FNL:3,153,166
FNA:3,266,hash_password
FNL:4,169,174
FNA:4,160,consttime_eq
FNL:5,179,220
FNA:5,9,load_users_locked
FNL:6,222,347
FNA:6,208,save_users_locked
FNL:7,349,357
FNA:7,196,find_user_locked
FNL:8,369,402
FNA:8,8,seed_default_users_locked
FNL:9,406,430
FNA:9,9,auth_init
FNL:10,432,440
FNA:10,9,auth_shutdown
FNL:11,444,540
FNA:11,113,auth_login
FNL:12,542,556
FNA:12,102,auth_logout
FNL:13,55,58
FNA:13,1,ensure_auth_lock_init
FNL:14,558,578
FNA:14,111,auth_verify_session
FNL:15,582,618
FNA:15,20,auth_role_allows
FNL:16,620,632
FNA:16,3,auth_authorize
FNL:17,634,642
FNA:17,1762,sm_role_to_str
FNL:18,644,651
FNA:18,8,sm_role_from_str
FNL:19,655,664
FNA:19,29,valid_username
FNL:20,666,699
FNA:20,31,auth_create_user
FNL:21,703,756
FNA:21,57,auth_change_password
FNL:22,760,774
FNA:22,4,auth_delete_user
FNF:23
FNH:23
DA:55,1
DA:57,1
DA:58,1
DA:110,658
DA:112,658
DA:113,658
DA:114,658
DA:115,658
DA:116,658
DA:117,658
DA:120,224
DA:122,224
DA:123,21
DA:124,21
DA:125,21
DA:126,21
DA:127,21
DA:128,0
DA:130,21
DA:131,21
DA:133,224
DA:135,224
DA:137,224
DA:138,0
DA:140,224
DA:141,882
DA:142,658
DA:143,5810
DA:144,5152
DA:147,224
DA:153,266
DA:156,266
DA:157,266
DA:159,266
DA:160,266
DA:161,266
DA:163,26600000
DA:164,26599734
DA:166,266
DA:169,160
DA:171,160
DA:172,5280
DA:173,160
DA:179,9
DA:181,9
DA:182,9
DA:185,1
DA:186,5
DA:187,4
DA:188,4
DA:194,3
DA:195,3
DA:197,3
DA:199,3
DA:200,0
DA:201,0
DA:204,3
DA:205,3
DA:206,3
DA:207,6
DA:208,3
DA:209,0
DA:210,0
DA:212,3
DA:213,3
DA:214,3
DA:215,3
DA:216,3
DA:218,1
DA:219,1
DA:222,208
DA:224,208
DA:227,208
DA:228,208
DA:229,208
DA:230,208
DA:231,208
DA:232,208
DA:233,208
DA:234,208
DA:238,208
DA:240,0
DA:241,0
DA:247,208
DA:255,208
DA:256,208
DA:257,0
DA:258,0
DA:260,208
DA:262,208
DA:263,208
DA:264,0
DA:266,1815
DA:267,1607
DA:270,1603
DA:271,1603
DA:272,1603
DA:273,1603
DA:275,1603
DA:276,0
DA:279,208
DA:280,208
DA:282,208
DA:283,0
DA:284,0
DA:285,0
DA:339,208
DA:340,208
DA:341,0
DA:342,0
DA:343,0
DA:345,208
DA:349,196
DA:351,1539
DA:352,1510
DA:353,167
DA:356,29
DA:369,8
DA:371,8
DA:377,32
DA:379,24
DA:380,8
DA:383,16
DA:384,16
DA:387,24
DA:388,24
DA:389,24
DA:390,24
DA:391,24
DA:392,24
DA:393,24
DA:394,24
DA:398,24
DA:401,8
DA:406,9
DA:408,9
DA:411,9
DA:415,9
DA:416,9
DA:417,9
DA:419,9
DA:420,9
DA:421,9
DA:422,8
DA:423,8
DA:424,8
DA:425,8
DA:427,9
DA:428,9
DA:429,9
DA:432,9
DA:434,9
DA:435,9
DA:436,9
DA:438,9
DA:439,9
DA:440,9
DA:444,113
DA:446,113
DA:448,113
DA:449,113
DA:450,113
DA:451,2
DA:452,2
DA:453,2
DA:456,111
DA:459,111
DA:460,111
DA:461,1
DA:462,1
DA:463,1
DA:464,1
DA:473,110
DA:474,110
DA:475,2
DA:476,2
DA:477,2
DA:478,2
DA:479,0
DA:480,0
DA:482,2
DA:483,2
DA:484,2
DA:488,110
DA:490,110
DA:491,5
DA:492,5
DA:493,1
DA:494,1
DA:496,5
DA:497,5
DA:498,5
DA:499,5
DA:502,105
DA:503,105
DA:506,105
DA:507,105
DA:508,105
DA:509,0
DA:511,105
DA:512,0
DA:513,0
DA:514,0
DA:518,105
DA:519,0
DA:520,0
DA:523,105
DA:524,105
DA:525,105
DA:526,105
DA:527,105
DA:529,105
DA:530,105
DA:536,105
DA:537,105
DA:539,105
DA:542,102
DA:544,102
DA:545,102
DA:546,230
DA:547,229
DA:548,101
DA:549,101
DA:550,101
DA:551,101
DA:554,1
DA:555,1
DA:558,111
DA:560,111
DA:561,111
DA:562,111
DA:563,623
DA:564,619
DA:565,107
DA:566,0
DA:567,0
DA:568,0
DA:570,107
DA:571,107
DA:572,107
DA:573,107
DA:576,4
DA:577,4
DA:582,20
DA:584,20
DA:585,1
DA:586,1
DA:587,11
DA:588,11
DA:589,6
DA:595,6
DA:596,5
DA:602,5
DA:604,7
DA:605,7
DA:606,5
DA:610,5
DA:611,2
DA:612,2
DA:614,1
DA:616,1
DA:620,3
DA:623,3
DA:624,3
DA:626,2
DA:627,1
DA:628,1
DA:630,1
DA:631,1
DA:634,1762
DA:636,1762
DA:637,220
DA:638,913
DA:639,628
DA:640,1
DA:644,8
DA:646,8
DA:647,7
DA:648,5
DA:649,3
DA:650,1
DA:655,29
DA:657,29
DA:658,29
DA:659,312
DA:660,284
DA:661,284
DA:663,28
DA:666,31
DA:668,31
DA:669,29
DA:670,3
DA:673,26
DA:674,26
DA:675,1
DA:676,1
DA:678,25
DA:679,0
DA:680,0
DA:683,25
DA:684,25
DA:685,25
DA:686,25
DA:687,0
DA:688,0
DA:690,25
DA:691,25
DA:692,25
DA:693,25
DA:695,25
DA:696,25
DA:697,25
DA:698,25
DA:703,57
DA:706,57
DA:707,1
DA:709,56
DA:710,1
DA:714,55
DA:715,55
DA:716,1
DA:719,54
DA:720,0
DA:723,54
DA:724,54
DA:725,1
DA:726,1
DA:730,53
DA:731,53
DA:732,1
DA:733,1
DA:735,1
DA:738,52
DA:739,0
DA:740,0
DA:742,52
DA:751,52
DA:753,52
DA:754,52
DA:755,52
DA:760,4
DA:762,4
DA:763,3
DA:764,3
DA:765,3
DA:766,1
DA:767,1
DA:769,2
DA:770,2
DA:771,2
DA:772,2
DA:773,2
LF:352
LH:316
end_of_record
TN:
SF:/mnt/c/Users/91733/Downloads/subscriber_mgmt_multithreaded_fixed (1)/subscriber_mgmt_multithreaded_fixed/src/hash_table.c
FNL:0,122,144
FNA:0,21,resize_locked
FNL:1,146,200
FNA:1,17631,ht_put
FNL:2,15,24
FNA:2,46809,sm_hash_str
FNL:3,202,223
FNA:3,35907,ht_get
FNL:4,225,253
FNA:4,4888,ht_remove
FNL:5,255,264
FNA:5,563,ht_size
FNL:6,26,29
FNA:6,23758,sm_streq
FNL:7,266,283
FNA:7,560,ht_iterate
FNL:8,31,39
FNA:8,11599,sm_hash_u64
FNL:9,41,44
FNA:9,5505,sm_u64eq
FNL:10,48,56
FNA:10,486,is_prime
FNL:11,58,64
FNA:11,140,next_prime
FNL:12,68,97
FNA:12,119,ht_create
FNL:13,99,119
FNA:13,119,ht_destroy
FNF:14
FNH:14
DA:15,46809
DA:17,46809
DA:18,46809
DA:19,489983
DA:20,443174
DA:21,443174
DA:23,46809
DA:26,23758
DA:28,23758
DA:31,11599
DA:33,11599
DA:35,11599
DA:36,11599
DA:37,11599
DA:38,11599
DA:41,5505
DA:43,5505
DA:48,486
DA:50,486
DA:51,486
DA:52,3225
DA:53,3085
DA:55,140
DA:58,140
DA:60,140
DA:61,140
DA:62,486
DA:63,140
DA:68,119
DA:73,119
DA:74,0
DA:76,119
DA:77,119
DA:78,0
DA:80,119
DA:81,119
DA:82,119
DA:83,0
DA:84,0
DA:86,119
DA:87,119
DA:88,119
DA:89,119
DA:90,119
DA:91,0
DA:92,0
DA:93,0
DA:95,119
DA:96,119
DA:99,119
DA:101,119
DA:102,0
DA:104,119
DA:105,133139
DA:106,133001
DA:107,145700
DA:108,12680
DA:109,12680
DA:110,12680
DA:111,12699
DA:112,12699
DA:115,138
DA:116,138
DA:117,119
DA:118,119
DA:122,21
DA:124,21
DA:125,21
DA:126,21
DA:127,0
DA:129,16282
DA:130,16261
DA:131,28470
DA:132,12209
DA:133,12209
DA:134,12209
DA:135,12209
DA:136,12209
DA:139,21
DA:140,21
DA:141,21
DA:142,21
DA:143,21
DA:146,17631
DA:148,17631
DA:149,0
DA:151,17632
DA:152,0
DA:155,17632
DA:156,17633
DA:158,17633
DA:159,23052
DA:160,5421
DA:161,2
DA:162,1
DA:163,1
DA:165,1
DA:166,1
DA:167,1
DA:168,1
DA:169,1
DA:170,1
DA:172,5419
DA:175,17631
DA:176,17631
DA:177,0
DA:178,0
DA:180,17631
DA:181,17631
DA:182,17631
DA:183,17631
DA:184,17631
DA:185,4210
DA:187,17631
DA:188,17631
DA:190,17631
DA:191,21
DA:192,21
DA:193,0
DA:198,17631
DA:199,17632
DA:202,35907
DA:204,35907
DA:205,0
DA:207,35911
DA:208,0
DA:210,35909
DA:211,35907
DA:212,35907
DA:213,40079
DA:214,28546
DA:215,24374
DA:216,24374
DA:217,24374
DA:219,4172
DA:221,11533
DA:222,11548
DA:225,4888
DA:227,4888
DA:228,0
DA:230,4888
DA:231,0
DA:233,4888
DA:234,4888
DA:235,4888
DA:236,4888
DA:237,5356
DA:238,5355
DA:239,4887
DA:240,4470
DA:241,4887
DA:242,4887
DA:243,4887
DA:244,4887
DA:245,4887
DA:246,4887
DA:248,468
DA:249,468
DA:251,1
DA:252,1
DA:255,563
DA:257,563
DA:258,0
DA:260,563
DA:261,565
DA:262,565
DA:263,561
DA:266,560
DA:268,560
DA:269,0
DA:271,560
DA:272,432971
DA:273,432412
DA:274,437108
DA:275,4693
DA:276,2
DA:277,0
DA:279,4696
DA:282,559
LF:179
LH:158
end_of_record
TN:
SF:/mnt/c/Users/91733/Downloads/subscriber_mgmt_multithreaded_fixed (1)/subscriber_mgmt_multithreaded_fixed/src/logger.c
FNL:0,103,113
FNA:0,6,logger_shutdown
FNL:1,115,163
FNA:1,8947,logger_log
FNL:2,19,29
FNA:2,17,level_name
FNL:3,31,47
FNA:3,14,sm_status_str
FNL:4,52,55
FNA:4,17,get_tid
FNL:5,59,77
FNA:5,17,maybe_rotate
FNL:6,79,101
FNA:6,7,logger_init
FNF:7
FNH:7
DA:19,17
DA:21,17
DA:22,1
DA:23,12
DA:24,1
DA:25,1
DA:26,1
DA:27,1
DA:31,14
DA:33,14
DA:34,1
DA:35,1
DA:36,1
DA:37,1
DA:38,3
DA:39,1
DA:40,1
DA:41,1
DA:42,1
DA:43,1
DA:44,1
DA:45,1
DA:52,17
DA:54,17
DA:59,17
DA:61,17
DA:62,8
DA:64,10
DA:65,10
DA:66,1
DA:68,9
DA:69,9
DA:72,9
DA:73,9
DA:75,9
DA:79,7
DA:81,7
DA:82,0
DA:84,7
DA:85,7
DA:87,7
DA:88,3
DA:89,3
DA:90,3
DA:91,3
DA:92,1
DA:93,1
DA:96,4
DA:98,6
DA:99,6
DA:100,6
DA:103,6
DA:105,6
DA:106,6
DA:107,2
DA:108,2
DA:109,2
DA:111,6
DA:112,6
DA:113,6
DA:115,8947
DA:118,8947
DA:119,8930
DA:122,17
DA:129,17
DA:130,17
DA:131,17
DA:133,0
DA:138,17
DA:139,17
DA:140,17
DA:142,17
DA:143,0
DA:146,17
DA:148,17
DA:149,17
DA:153,17
DA:154,17
DA:157,17
LF:79
LH:76
end_of_record
TN:
SF:/mnt/c/Users/91733/Downloads/subscriber_mgmt_multithreaded_fixed (1)/subscriber_mgmt_multithreaded_fixed/src/memory_pool.c
FNL:0,12,36
FNA:0,61,grow_pool
FNL:1,122,139
FNA:1,6593,mempool_free
FNL:2,141,156
FNA:2,4,mempool_get_stats
FNL:3,38,70
FNA:3,41,mempool_create
FNL:4,72,88
FNA:4,42,mempool_destroy
FNL:5,90,120
FNA:5,6594,mempool_alloc
FNF:6
FNH:6
DA:12,61
DA:14,61
DA:15,61
DA:16,0
DA:18,61
DA:19,61
DA:20,61
DA:21,0
DA:22,0
DA:26,13259
DA:27,13198
DA:28,13198
DA:29,13198
DA:32,61
DA:33,61
DA:34,61
DA:35,61
DA:38,41
DA:41,41
DA:42,0
DA:44,41
DA:45,0
DA:48,41
DA:49,41
DA:50,0
DA:52,41
DA:53,41
DA:54,41
DA:55,0
DA:56,0
DA:59,41
DA:60,41
DA:61,0
DA:62,0
DA:63,0
DA:66,41
DA:67,41
DA:69,41
DA:72,42
DA:74,42
DA:75,1
DA:77,41
DA:78,41
DA:79,102
DA:80,61
DA:81,61
DA:82,61
DA:83,61
DA:85,41
DA:86,41
DA:87,41
DA:90,6594
DA:92,6594
DA:93,1
DA:95,6593
DA:96,0
DA:99,6592
DA:100,20
DA:101,0
DA:102,0
DA:103,0
DA:105,0
DA:109,6592
DA:110,6592
DA:111,6592
DA:112,6592
DA:113,6592
DA:114,5195
DA:116,6592
DA:118,6591
DA:119,6591
DA:122,6593
DA:124,6593
DA:125,1
DA:127,6592
DA:130,6592
DA:131,6592
DA:132,6592
DA:133,6592
DA:134,6592
DA:135,6592
DA:137,6592
DA:138,6592
DA:141,4
DA:143,4
DA:144,0
DA:146,4
DA:147,4
DA:148,4
DA:149,4
DA:150,4
DA:151,4
DA:152,4
DA:153,4
DA:154,4
DA:155,4
LF:96
LH:79
end_of_record
TN:
SF:/mnt/c/Users/91733/Downloads/subscriber_mgmt_multithreaded_fixed (1)/subscriber_mgmt_multithreaded_fixed/src/sha256.c
FNL:0,109,115
FNA:0,26600000,sm_sha256
FNL:1,117,125
FNA:1,3327,sm_hex_encode
FNL:2,127,135
FNA:2,6,sm_hex_decode
FNL:3,28,51
FNA:3,26600000,sha256_transform
FNL:4,53,61
FNA:4,26600000,sm_sha256_init
FNL:5,63,78
FNA:5,665000736,sm_sha256_update
FNL:6,80,107
FNA:6,26600000,sm_sha256_final
FNF:7
FNH:7
DA:28,26600000
DA:31,452200000
DA:32,425600000
DA:33,425600000
DA:35,1303400000
DA:36,1276800000
DA:39,26600000
DA:40,26600000
DA:42,1729000000
DA:43,1702400000
DA:44,1702400000
DA:45,1702400000
DA:46,1702400000
DA:49,26600000
DA:50,26600000
DA:51,26600000
DA:53,26600000
DA:55,26600000
DA:56,26600000
DA:57,26600000
DA:58,26600000
DA:59,26600000
DA:60,26600000
DA:61,26600000
DA:63,665000736
DA:65,665000736
DA:66,1330001472
DA:67,665000736
DA:68,665000736
DA:69,665000736
DA:70,665000736
DA:71,665000736
DA:72,665000736
DA:73,665000736
DA:74,0
DA:75,0
DA:78,665000736
DA:80,26600000
DA:82,26600000
DA:83,26600000
DA:84,26600000
DA:86,26600000
DA:87,638400736
DA:88,611800736
DA:92,239400000
DA:93,212800000
DA:96,26600000
DA:97,26600000
DA:98,26600000
DA:99,26600000
DA:101,239400000
DA:102,212800000
DA:103,212800000
DA:104,212800000
DA:105,212800000
DA:107,26600000
DA:109,26600000
DA:112,26600000
DA:113,26600000
DA:114,26600000
DA:115,26600000
DA:117,3327
DA:120,83775
DA:121,80448
DA:122,80448
DA:124,3327
DA:125,3327
DA:127,6
DA:129,150
DA:131,144
DA:132,144
DA:134,6
LF:72
LH:70
end_of_record
TN:
SF:/mnt/c/Users/91733/Downloads/subscriber_mgmt_multithreaded_fixed (1)/subscriber_mgmt_multithreaded_fixed/src/shared_string.c
FNL:0,109,122
FNA:0,4826,sstr_retain
FNL:1,124,154
FNA:1,25554,sstr_release
FNL:2,156,159
FNA:2,4242,sstr_cstr
FNL:3,168,177
FNA:3,1,sstr_stats_iter_cb
FNL:4,17,33
FNA:4,3,sstr_pool_init
FNL:5,179,198
FNA:5,4,sstr_pool_get_stats
FNL:6,35,53
FNA:6,3,sstr_pool_shutdown
FNL:7,55,107
FNA:7,20741,sstr_intern
FNF:8
FNH:8
DA:17,3
DA:19,3
DA:20,1
DA:22,2
DA:26,2
DA:27,0
DA:29,2
DA:30,2
DA:32,2
DA:35,3
DA:37,3
DA:38,1
DA:40,2
DA:41,2
DA:42,0
DA:48,2
DA:51,2
DA:52,2
DA:55,20741
DA:57,20741
DA:58,0
DA:60,20741
DA:61,1
DA:63,20740
DA:64,20740
DA:65,0
DA:68,20745
DA:69,0
DA:72,20746
DA:73,20746
DA:74,20363
DA:75,20363
DA:76,20363
DA:77,20363
DA:78,20363
DA:81,383
DA:82,383
DA:83,0
DA:84,0
DA:86,383
DA:87,383
DA:88,0
DA:89,0
DA:90,0
DA:92,383
DA:93,383
DA:94,383
DA:96,383
DA:97,383
DA:98,0
DA:99,0
DA:100,0
DA:101,0
DA:104,383
DA:105,383
DA:106,383
DA:109,4826
DA:111,4826
DA:112,1
DA:117,4825
DA:118,4825
DA:119,4825
DA:121,4825
DA:124,25554
DA:126,25554
DA:127,1
DA:129,25553
DA:130,0
DA:132,25571
DA:133,25571
DA:134,25571
DA:136,0
DA:137,0
DA:138,0
DA:140,0
DA:142,25571
DA:147,383
DA:148,383
DA:149,383
DA:150,383
DA:151,383
DA:153,25188
DA:156,4242
DA:158,4242
DA:168,1
DA:171,1
DA:172,1
DA:173,1
DA:174,1
DA:175,1
DA:176,1
DA:179,4
DA:181,4
DA:182,1
DA:184,3
DA:185,1
DA:187,2
DA:189,2
DA:190,2
DA:192,2
DA:193,2
DA:194,2
DA:195,2
DA:196,2
DA:197,2
LF:105
LH:86
end_of_record
TN:
SF:/mnt/c/Users/91733/Downloads/subscriber_mgmt_multithreaded_fixed (1)/subscriber_mgmt_multithreaded_fixed/src/subscriber.c
FNL:0,101,155
FNA:0,39,subdb_create
FNL:1,160,166
FNA:1,5578,free_subscriber_locked
FNL:2,168,205
FNA:2,39,subdb_destroy
FNL:3,17,34
FNA:3,6096,sub_validate_imsi
FNL:4,215,226
FNA:4,4076,subdb_collect_cb
FNL:5,230,244
FNA:5,1608,make_snapshot
FNL:6,246,255
FNA:6,1609,subdb_free_one
FNL:7,257,266
FNA:7,519,subdb_free_results
FNL:8,270,349
FNA:8,5577,subdb_add
FNL:9,351,372
FNA:9,1490,subdb_delete
FNL:10,36,53
FNA:10,6079,sub_validate_msisdn
FNL:11,374,426
FNA:11,996,subdb_update
FNL:12,428,431
FNA:12,522,subdb_count
FNL:13,435,451
FNA:13,1004,subdb_search_by_id
FNL:14,453,469
FNA:14,3,subdb_search_by_imsi
FNL:15,471,487
FNA:15,3,subdb_search_by_msisdn
FNL:16,499,509
FNA:16,77,filter_grow
FNL:17,518,539
FNA:17,3,region_match_cb
FNL:18,541,562
FNA:18,3,plan_match_cb
FNL:19,55,78
FNA:19,21107,sub_validate_name
FNL:20,564,585
FNA:20,3,status_match_cb
FNL:21,587,606
FNA:21,599,listall_cb
FNL:22,608,630
FNA:22,3,subdb_search_by_region
FNL:23,632,654
FNA:23,3,subdb_search_by_plan
FNL:24,656,677
FNA:24,2,subdb_search_by_status
FNL:25,679,698
FNA:25,513,subdb_list_all
FNL:26,702,718
FNA:26,319,compare_subs
FNL:27,721,742
FNA:27,58,merge_sort_rec
FNL:28,744,756
FNA:28,4,sub_sort_merge
FNL:29,759,762
FNA:29,106,swap_ptr
FNL:30,764,770
FNA:30,7,median_of_three
FNL:31,772,813
FNA:31,11,quick_sort_rec
FNL:32,80,88
FNA:32,699,sub_status_to_str
FNL:33,815,821
FNA:33,5,sub_sort_quick
FNL:34,827,894
FNA:34,15,subdb_save_csv
FNL:35,896,961
FNA:35,19,subdb_load_csv
FNL:36,90,97
FNA:36,529,sub_status_from_str
FNL:37,963,984
FNA:37,4,subdb_backup
FNL:38,986,996
FNA:38,4,subdb_restore
FNF:39
FNH:39
DA:17,6096
DA:19,6096
DA:20,1
DA:23,6095
DA:24,6095
DA:25,0
DA:28,95114
DA:29,89019
DA:30,2
DA:33,6095
DA:36,6079
DA:38,6079
DA:39,0
DA:42,6079
DA:43,6079
DA:44,0
DA:47,88772
DA:48,82689
DA:49,0
DA:52,6083
DA:55,21107
DA:57,21107
DA:58,0
DA:61,21107
DA:62,21107
DA:63,0
DA:66,110687
DA:67,89577
DA:70,89577
DA:71,0
DA:73,89577
DA:74,2
DA:77,21110
DA:80,699
DA:82,699
DA:83,587
DA:84,71
DA:85,40
DA:86,1
DA:90,529
DA:92,529
DA:93,528
DA:94,3
DA:95,2
DA:96,1
DA:101,39
DA:103,39
DA:104,1
DA:107,38
DA:108,38
DA:109,0
DA:112,38
DA:113,38
DA:114,0
DA:115,0
DA:118,38
DA:119,38
DA:120,0
DA:121,0
DA:122,0
DA:125,38
DA:126,38
DA:127,0
DA:128,0
DA:129,0
DA:130,0
DA:133,38
DA:134,38
DA:135,0
DA:136,0
DA:137,0
DA:138,0
DA:139,0
DA:142,38
DA:143,0
DA:144,0
DA:145,0
DA:146,0
DA:147,0
DA:148,0
DA:151,38
DA:152,38
DA:153,38
DA:154,38
DA:160,5578
DA:162,5578
DA:163,5580
DA:164,5579
DA:165,5579
DA:166,5578
DA:168,39
DA:170,39
DA:171,1
DA:173,38
DA:175,38
DA:176,38
DA:182,38
DA:183,38
DA:184,38
DA:185,32
DA:186,32
DA:188,38
DA:189,38
DA:190,38
DA:192,4115
DA:193,4077
DA:195,38
DA:197,38
DA:198,38
DA:199,38
DA:200,38
DA:201,38
DA:202,38
DA:203,38
DA:204,38
DA:215,4076
DA:218,4076
DA:219,4076
DA:220,4078
DA:221,4079
DA:222,4079
DA:225,4076
DA:230,1608
DA:232,1608
DA:233,1608
DA:234,0
DA:236,1608
DA:240,1608
DA:241,1608
DA:242,1608
DA:243,1608
DA:246,1609
DA:248,1609
DA:249,1
DA:251,1608
DA:252,1608
DA:253,1608
DA:254,1608
DA:257,519
DA:259,519
DA:260,464
DA:262,659
DA:263,604
DA:265,55
DA:270,5577
DA:274,5577
DA:275,5576
DA:276,0
DA:278,5578
DA:279,5565
DA:280,5571
DA:281,5572
DA:282,5562
DA:284,5554
DA:285,0
DA:288,5584
DA:289,5584
DA:290,3
DA:291,3
DA:292,3
DA:294,5581
DA:295,1
DA:296,1
DA:297,1
DA:300,5580
DA:301,5576
DA:302,0
DA:303,0
DA:304,0
DA:307,5576
DA:308,5576
DA:309,5576
DA:310,5576
DA:312,5576
DA:313,5580
DA:314,5580
DA:315,5580
DA:316,0
DA:317,0
DA:318,0
DA:319,0
DA:321,0
DA:324,5580
DA:325,5580
DA:326,5580
DA:327,5580
DA:331,5580
DA:332,5579
DA:333,5580
DA:335,5579
DA:336,0
DA:337,0
DA:338,0
DA:339,0
DA:340,0
DA:341,0
DA:342,0
DA:345,5579
DA:346,5579
DA:347,5572
DA:348,5568
DA:351,1490
DA:353,1490
DA:354,1
DA:356,1489
DA:357,0
DA:359,1504
DA:360,1504
DA:361,3
DA:362,3
DA:364,1501
DA:365,1501
DA:366,1501
DA:367,1501
DA:368,1501
DA:369,1501
DA:370,1493
DA:371,1491
DA:374,996
DA:378,996
DA:379,1
DA:381,995
DA:382,986
DA:383,991
DA:384,1
DA:387,992
DA:388,0
DA:390,1002
DA:391,1002
DA:392,1
DA:393,1
DA:395,1001
DA:397,1001
DA:398,1001
DA:399,1001
DA:400,1001
DA:401,1001
DA:404,1001
DA:405,1001
DA:406,1001
DA:407,1001
DA:408,1001
DA:411,1001
DA:412,1000
DA:413,1000
DA:414,1000
DA:415,1000
DA:418,1001
DA:419,1001
DA:421,1001
DA:423,1001
DA:424,996
DA:425,994
DA:428,522
DA:430,522
DA:435,1004
DA:437,1004
DA:438,2
DA:440,1002
DA:441,0
DA:443,1002
DA:444,1002
DA:445,1002
DA:446,1002
DA:447,1002
DA:449,1002
DA:450,1002
DA:453,3
DA:455,3
DA:456,2
DA:458,1
DA:459,0
DA:461,1
DA:462,1
DA:463,1
DA:464,1
DA:465,1
DA:467,1
DA:468,1
DA:471,3
DA:473,3
DA:474,2
DA:476,1
DA:477,0
DA:479,1
DA:480,1
DA:481,1
DA:482,1
DA:483,1
DA:485,1
DA:486,1
DA:499,77
DA:501,77
DA:502,77
DA:503,77
DA:504,0
DA:506,77
DA:507,77
DA:508,77
DA:518,3
DA:521,3
DA:522,3
DA:523,3
DA:524,2
DA:525,1
DA:526,0
DA:527,0
DA:530,2
DA:531,2
DA:532,0
DA:533,0
DA:535,2
DA:536,2
DA:538,3
DA:541,3
DA:544,3
DA:545,3
DA:546,3
DA:547,2
DA:548,1
DA:549,0
DA:550,0
DA:553,2
DA:554,2
DA:555,0
DA:556,0
DA:558,2
DA:559,2
DA:561,3
DA:564,3
DA:567,3
DA:568,3
DA:569,3
DA:570,1
DA:571,1
DA:572,0
DA:573,0
DA:576,1
DA:577,1
DA:578,0
DA:579,0
DA:581,1
DA:582,1
DA:584,3
DA:587,599
DA:590,599
DA:591,599
DA:592,599
DA:593,74
DA:594,0
DA:595,0
DA:598,599
DA:599,599
DA:600,0
DA:601,0
DA:603,599
DA:604,599
DA:605,599
DA:608,3
DA:611,3
DA:612,2
DA:614,1
DA:615,1
DA:616,1
DA:617,1
DA:619,1
DA:620,1
DA:621,1
DA:623,1
DA:624,0
DA:625,0
DA:627,1
DA:628,1
DA:629,1
DA:632,3
DA:635,3
DA:636,2
DA:638,1
DA:639,1
DA:640,1
DA:641,1
DA:643,1
DA:644,1
DA:645,1
DA:647,1
DA:648,0
DA:649,0
DA:651,1
DA:652,1
DA:653,1
DA:656,2
DA:659,2
DA:660,1
DA:662,1
DA:663,1
DA:664,1
DA:666,1
DA:667,1
DA:668,1
DA:670,1
DA:671,0
DA:672,0
DA:674,1
DA:675,1
DA:676,1
DA:679,513
DA:681,513
DA:682,1
DA:684,512
DA:685,512
DA:687,512
DA:688,516
DA:689,516
DA:691,515
DA:692,0
DA:693,0
DA:695,515
DA:696,515
DA:697,515
DA:702,319
DA:704,319
DA:705,9
DA:706,9
DA:707,6
DA:708,0
DA:709,114
DA:710,114
DA:711,131
DA:712,131
DA:713,65
DA:714,65
DA:715,0
DA:716,0
DA:721,58
DA:724,58
DA:725,30
DA:727,28
DA:728,28
DA:729,28
DA:731,28
DA:732,101
DA:733,73
DA:734,51
DA:736,22
DA:739,36
DA:740,77
DA:741,158
DA:744,4
DA:746,4
DA:747,2
DA:749,2
DA:750,2
DA:751,0
DA:752,0
DA:754,2
DA:755,2
DA:759,106
DA:761,106
DA:762,106
DA:764,7
DA:766,7
DA:767,7
DA:768,7
DA:769,7
DA:772,11
DA:774,18
DA:775,17
DA:778,73
DA:779,63
DA:780,63
DA:781,89
DA:782,26
DA:783,26
DA:785,63
DA:787,10
DA:789,7
DA:790,7
DA:791,7
DA:793,7
DA:794,144
DA:795,137
DA:796,82
DA:797,82
DA:800,7
DA:801,7
DA:805,7
DA:806,2
DA:807,2
DA:809,5
DA:810,5
DA:815,5
DA:817,5
DA:818,1
DA:820,4
DA:827,15
DA:829,15
DA:830,2
DA:833,13
DA:835,13
DA:836,13
DA:837,1
DA:838,1
DA:840,12
DA:841,0
DA:842,0
DA:845,12
DA:846,12
DA:847,12
DA:848,12
DA:849,0
DA:850,0
DA:851,0
DA:854,12
DA:855,528
DA:856,516
DA:857,2583
DA:858,516
DA:859,517
DA:860,516
DA:861,516
DA:862,516
DA:864,12
DA:869,12
DA:870,12
DA:872,12
DA:873,0
DA:874,0
DA:875,0
DA:882,12
DA:883,0
DA:884,0
DA:885,0
DA:887,12
DA:888,0
DA:889,0
DA:890,0
DA:892,12
DA:893,12
DA:896,19
DA:898,19
DA:899,2
DA:901,17
DA:902,17
DA:903,1
DA:904,1
DA:908,16
DA:909,1
DA:910,1
DA:912,15
DA:913,1
DA:914,1
DA:915,1
DA:918,14
DA:919,540
DA:920,522
DA:921,522
DA:922,522
DA:923,526
DA:928,522
DA:930,522
DA:932,522
DA:933,1
DA:935,1
DA:936,1
DA:938,521
DA:939,523
DA:940,1
DA:942,1
DA:943,1
DA:946,524
DA:947,524
DA:948,524
DA:949,524
DA:950,2
DA:952,2
DA:953,2
DA:955,522
DA:957,15
DA:958,13
DA:960,14
DA:963,4
DA:965,4
DA:966,3
DA:973,1
DA:974,1
DA:976,1
DA:977,1
DA:979,0
DA:982,1
DA:983,1
DA:986,4
DA:988,4
DA:989,2
DA:991,2
DA:992,1
DA:995,2
LF:596
LH:500
end_of_record
