TN:
SF:/mnt/c/Users/91733/Downloads/subscriber_mgmt_multithreaded_fixed (1)/subscriber_mgmt_multithreaded_fixed/include/common.h
FNL:0,101,105
FNA:0,1099,sm_rwlock_init
FNL:1,107,110
FNA:1,269679,sm_rwlock_rdlock
FNL:2,112,115
FNA:2,218628,sm_rwlock_wrlock
FNL:3,117,120
FNA:3,488364,sm_rwlock_unlock
FNL:4,122,125
FNA:4,1099,sm_rwlock_destroy
FNL:5,80,84
FNA:5,294,sm_mutex_init
FNL:6,86,89
FNA:6,454300,sm_mutex_lock
FNL:7,91,94
FNA:7,454399,sm_mutex_unlock
FNL:8,96,99
FNA:8,287,sm_mutex_destroy
FNF:9
FNH:9
DA:80,294
DA:82,294
DA:83,294
DA:86,454300
DA:88,454300
DA:91,454399
DA:93,454399
DA:96,287
DA:98,287
DA:101,1099
DA:103,1099
DA:104,1099
DA:107,269679
DA:109,269679
DA:112,218628
DA:114,218628
DA:117,488364
DA:119,488364
DA:122,1099
DA:124,1099
LF:20
LH:20
end_of_record
TN:
SF:/mnt/c/Users/91733/Downloads/subscriber_mgmt_multithreaded_fixed (1)/subscriber_mgmt_multithreaded_fixed/src/auth.c
FNL:0,110,118
FNA:0,4606,xorshift64star
FNL:1,120,133
FNA:1,1568,ensure_thread_rng_seeded
FNL:2,135,148
FNA:2,1568,fill_random
FNL:3,153,166
FNA:3,1862,hash_password
FNL:4,169,174
FNA:4,1120,consttime_eq
FNL:5,179,220
FNA:5,63,load_users_locked
FNL:6,222,347
FNA:6,1456,save_users_locked
FNL:7,349,357
FNA:7,1372,find_user_locked
FNL:8,369,403
FNA:8,56,seed_default_users_locked
FNL:9,407,431
FNA:9,63,auth_init
FNL:10,433,441
FNA:10,63,auth_shutdown
FNL:11,445,542
FNA:11,791,auth_login
FNL:12,544,558
FNA:12,714,auth_logout
FNL:13,55,58
FNA:13,7,ensure_auth_lock_init
FNL:14,560,580
FNA:14,777,auth_verify_session
FNL:15,584,620
FNA:15,140,auth_role_allows
FNL:16,622,634
FNA:16,21,auth_authorize
FNL:17,636,644
FNA:17,12328,sm_role_to_str
FNL:18,646,653
FNA:18,56,sm_role_from_str
FNL:19,657,666
FNA:19,201,valid_username
FNL:20,668,702
FNA:20,215,auth_create_user
FNL:21,706,759
FNA:21,399,auth_change_password
FNL:22,763,777
FNA:22,28,auth_delete_user
FNF:23
FNH:23
DA:55,7
DA:57,7
DA:58,7
DA:110,4606
DA:112,4606
DA:113,4606
DA:114,4606
DA:115,4606
DA:116,4606
DA:117,4606
DA:120,1568
DA:122,1568
DA:123,147
DA:124,147
DA:125,147
DA:126,147
DA:127,147
DA:128,0
DA:130,147
DA:131,147
DA:133,1568
DA:135,1568
DA:137,1568
DA:138,0
DA:140,1568
DA:141,6174
DA:142,4606
DA:143,40670
DA:144,36064
DA:147,1568
DA:153,1862
DA:156,1862
DA:157,1862
DA:159,1862
DA:160,1862
DA:161,1862
DA:163,186200000
DA:164,186198138
DA:166,1862
DA:169,1120
DA:171,1120
DA:172,36960
DA:173,1120
DA:179,63
DA:181,63
DA:182,63
DA:185,7
DA:186,35
DA:187,28
DA:188,28
DA:194,21
DA:195,21
DA:197,21
DA:199,21
DA:200,0
DA:201,0
DA:204,21
DA:205,21
DA:206,21
DA:207,42
DA:208,21
DA:209,0
DA:210,0
DA:212,21
DA:213,21
DA:214,21
DA:215,21
DA:216,21
DA:218,7
DA:219,7
DA:222,1456
DA:224,1456
DA:227,1456
DA:228,1456
DA:229,1456
DA:230,1456
DA:231,1456
DA:232,1456
DA:233,1456
DA:234,1456
DA:238,1456
DA:240,0
DA:241,0
DA:247,1456
DA:255,1456
DA:256,1456
DA:257,0
DA:258,0
DA:260,1456
DA:262,1456
DA:263,1456
DA:264,0
DA:266,12699
DA:267,11243
DA:270,11215
DA:271,11215
DA:272,11215
DA:273,11215
DA:275,11215
DA:276,0
DA:279,1456
DA:280,1456
DA:282,1456
DA:283,0
DA:284,0
DA:285,0
DA:339,1456
DA:340,1456
DA:341,0
DA:342,0
DA:343,0
DA:345,1456
DA:349,1372
DA:351,10773
DA:352,10570
DA:353,1169
DA:356,203
DA:369,56
DA:371,56
DA:377,224
DA:379,168
DA:380,56
DA:383,112
DA:384,112
DA:387,168
DA:388,168
DA:389,168
DA:390,168
DA:391,168
DA:392,168
DA:393,168
DA:394,168
DA:395,168
DA:399,168
DA:402,56
DA:407,63
DA:409,63
DA:412,63
DA:416,63
DA:417,63
DA:418,63
DA:420,63
DA:421,63
DA:422,63
DA:423,56
DA:424,56
DA:425,56
DA:426,56
DA:428,63
DA:429,63
DA:430,63
DA:433,63
DA:435,63
DA:436,63
DA:437,63
DA:439,63
DA:440,63
DA:441,63
DA:445,791
DA:447,791
DA:449,791
DA:450,791
DA:451,791
DA:452,14
DA:453,14
DA:454,14
DA:457,777
DA:460,777
DA:461,777
DA:462,7
DA:463,7
DA:464,7
DA:465,7
DA:474,770
DA:475,770
DA:476,14
DA:477,14
DA:478,14
DA:479,14
DA:480,0
DA:481,0
DA:483,14
DA:484,14
DA:485,14
DA:489,770
DA:491,770
DA:492,35
DA:493,35
DA:494,7
DA:495,7
DA:497,35
DA:498,35
DA:499,35
DA:500,35
DA:503,735
DA:504,735
DA:507,735
DA:508,736
DA:509,736
DA:510,1
DA:512,735
DA:513,0
DA:514,0
DA:515,0
DA:519,735
DA:520,0
DA:521,0
DA:524,735
DA:525,735
DA:526,735
DA:527,735
DA:528,735
DA:529,735
DA:531,735
DA:532,735
DA:538,735
DA:539,735
DA:541,735
DA:544,714
DA:546,714
DA:547,714
DA:548,1611
DA:549,1604
DA:550,707
DA:551,707
DA:552,707
DA:553,707
DA:556,7
DA:557,7
DA:560,777
DA:562,777
DA:563,777
DA:564,777
DA:565,4362
DA:566,4334
DA:567,749
DA:568,0
DA:569,0
DA:570,0
DA:572,749
DA:573,749
DA:574,749
DA:575,749
DA:578,28
DA:579,28
DA:584,140
DA:586,140
DA:587,7
DA:588,7
DA:589,77
DA:590,77
DA:591,42
DA:597,42
DA:598,35
DA:604,35
DA:606,49
DA:607,49
DA:608,35
DA:612,35
DA:613,14
DA:614,14
DA:616,7
DA:618,7
DA:622,21
DA:625,21
DA:626,21
DA:628,14
DA:629,7
DA:630,7
DA:632,7
DA:633,7
DA:636,12328
DA:638,12328
DA:639,1540
DA:640,6373
DA:641,4408
DA:642,7
DA:646,56
DA:648,56
DA:649,49
DA:650,35
DA:651,21
DA:652,7
DA:657,201
DA:659,201
DA:660,201
DA:661,2166
DA:662,1971
DA:663,1971
DA:665,195
DA:668,215
DA:670,215
DA:671,202
DA:672,21
DA:675,181
DA:676,182
DA:677,7
DA:678,7
DA:680,175
DA:681,0
DA:682,0
DA:685,175
DA:686,175
DA:687,175
DA:688,175
DA:689,175
DA:690,0
DA:691,0
DA:693,175
DA:694,175
DA:695,175
DA:696,175
DA:698,175
DA:699,175
DA:700,175
DA:701,175
DA:706,399
DA:709,399
DA:710,7
DA:712,392
DA:713,7
DA:717,385
DA:718,385
DA:719,7
DA:722,378
DA:723,0
DA:726,378
DA:727,378
DA:728,7
DA:729,7
DA:733,371
DA:734,371
DA:735,7
DA:736,7
DA:738,7
DA:741,364
DA:742,0
DA:743,0
DA:745,364
DA:754,364
DA:756,364
DA:757,364
DA:758,364
DA:763,28
DA:765,28
DA:766,21
DA:767,21
DA:768,21
DA:769,7
DA:770,7
DA:772,14
DA:773,14
DA:774,14
DA:775,14
DA:776,14
LF:355
LH:320
end_of_record
TN:
SF:/mnt/c/Users/91733/Downloads/subscriber_mgmt_multithreaded_fixed (1)/subscriber_mgmt_multithreaded_fixed/src/hash_table.c
FNL:0,122,144
FNA:0,147,resize_locked
FNL:1,146,200
FNA:1,125196,ht_put
FNL:2,15,24
FNA:2,331113,sm_hash_str
FNL:3,202,223
FNA:3,251285,ht_get
FNL:4,225,253
FNA:4,35989,ht_remove
FNL:5,255,264
FNA:5,3944,ht_size
FNL:6,26,29
FNA:6,166306,sm_streq
FNL:7,266,283
FNA:7,3905,ht_iterate
FNL:8,31,39
FNA:8,81193,sm_hash_u64
FNL:9,41,44
FNA:9,38535,sm_u64eq
FNL:10,48,56
FNA:10,3402,is_prime
FNL:11,58,64
FNA:11,980,next_prime
FNL:12,68,97
FNA:12,833,ht_create
FNL:13,99,119
FNA:13,832,ht_destroy
FNF:14
FNH:14
DA:15,331113
DA:17,331113
DA:18,331113
DA:19,3435310
DA:20,3104197
DA:21,3104197
DA:23,331113
DA:26,166306
DA:28,166306
DA:31,81193
DA:33,81193
DA:35,81193
DA:36,81193
DA:37,81193
DA:38,81193
DA:41,38535
DA:43,38535
DA:48,3402
DA:50,3402
DA:51,3402
DA:52,22575
DA:53,21595
DA:55,980
DA:58,980
DA:60,980
DA:61,980
DA:62,3402
DA:63,980
DA:68,833
DA:73,833
DA:74,0
DA:76,833
DA:77,833
DA:78,0
DA:80,833
DA:81,833
DA:82,833
DA:83,0
DA:84,0
DA:86,833
DA:87,833
DA:88,833
DA:89,833
DA:90,833
DA:91,0
DA:92,0
DA:93,0
DA:95,833
DA:96,833
DA:99,832
DA:101,832
DA:102,0
DA:104,832
DA:105,933736
DA:106,932909
DA:107,1021901
DA:108,88998
DA:109,88998
DA:110,88998
DA:111,88992
DA:112,88992
DA:115,827
DA:116,827
DA:117,833
DA:118,833
DA:122,147
DA:124,147
DA:125,147
DA:126,147
DA:127,0
DA:129,113974
DA:130,113827
DA:131,199290
DA:132,85463
DA:133,85463
DA:134,85463
DA:135,85463
DA:136,85463
DA:139,147
DA:140,147
DA:141,147
DA:142,147
DA:143,147
DA:146,125196
DA:148,125196
DA:149,0
DA:151,125198
DA:152,0
DA:155,125226
DA:156,125199
DA:158,125199
DA:159,163912
DA:160,38727
DA:161,14
DA:162,7
DA:163,7
DA:165,7
DA:166,7
DA:167,7
DA:168,7
DA:169,7
DA:170,7
DA:172,38713
DA:175,125185
DA:176,125185
DA:177,0
DA:178,0
DA:180,125185
DA:181,125185
DA:182,125185
DA:183,125185
DA:184,125185
DA:185,30068
DA:187,125185
DA:188,125185
DA:190,125185
DA:191,147
DA:192,147
DA:193,0
DA:198,125185
DA:199,125194
DA:202,251285
DA:204,251285
DA:205,0
DA:207,251309
DA:208,0
DA:210,251325
DA:211,251308
DA:212,251308
DA:213,281361
DA:214,198898
DA:215,168845
DA:216,168845
DA:217,168845
DA:219,30053
DA:221,82463
DA:222,82591
DA:225,35989
DA:227,35989
DA:228,0
DA:230,35989
DA:231,0
DA:233,35989
DA:234,35989
DA:235,35989
DA:236,35989
DA:237,39443
DA:238,39436
DA:239,35982
DA:240,32944
DA:241,35982
DA:242,35982
DA:243,35982
DA:244,35982
DA:245,35982
DA:246,35982
DA:248,3454
DA:249,3454
DA:251,7
DA:252,7
DA:255,3944
DA:257,3944
DA:258,0
DA:260,3944
DA:261,3942
DA:262,3942
DA:263,3932
DA:266,3905
DA:268,3905
DA:269,0
DA:271,3908
DA:272,2124114
DA:273,2120205
DA:274,2153172
DA:275,32967
DA:276,0
DA:277,0
DA:279,32967
DA:282,3909
LF:179
LH:157
end_of_record
TN:
SF:/mnt/c/Users/91733/Downloads/subscriber_mgmt_multithreaded_fixed (1)/subscriber_mgmt_multithreaded_fixed/src/logger.c
FNL:0,103,113
FNA:0,42,logger_shutdown
FNL:1,115,163
FNA:1,62704,logger_log
FNL:2,19,29
FNA:2,119,level_name
FNL:3,31,47
FNA:3,98,sm_status_str
FNL:4,52,55
FNA:4,119,get_tid
FNL:5,59,77
FNA:5,119,maybe_rotate
FNL:6,79,101
FNA:6,49,logger_init
FNF:7
FNH:7
DA:19,119
DA:21,119
DA:22,7
DA:23,84
DA:24,7
DA:25,7
DA:26,7
DA:27,7
DA:31,98
DA:33,98
DA:34,7
DA:35,7
DA:36,7
DA:37,7
DA:38,21
DA:39,7
DA:40,7
DA:41,7
DA:42,7
DA:43,7
DA:44,7
DA:45,7
DA:52,119
DA:54,119
DA:59,119
DA:61,119
DA:62,56
DA:64,70
DA:65,70
DA:66,7
DA:68,63
DA:69,63
DA:72,63
DA:73,63
DA:75,63
DA:79,49
DA:81,49
DA:82,0
DA:84,49
DA:85,49
DA:87,49
DA:88,21
DA:89,21
DA:90,21
DA:91,21
DA:92,7
DA:93,7
DA:96,28
DA:98,42
DA:99,42
DA:100,42
DA:103,42
DA:105,42
DA:106,42
DA:107,14
DA:108,14
DA:109,14
DA:111,42
DA:112,42
DA:113,42
DA:115,62704
DA:118,62704
DA:119,62599
DA:122,105
DA:129,119
DA:130,119
DA:131,119
DA:133,0
DA:138,119
DA:139,119
DA:140,119
DA:142,119
DA:143,0
DA:146,119
DA:148,119
DA:149,119
DA:153,119
DA:154,119
DA:157,119
LF:79
LH:76
end_of_record
TN:
SF:/mnt/c/Users/91733/Downloads/subscriber_mgmt_multithreaded_fixed (1)/subscriber_mgmt_multithreaded_fixed/src/memory_pool.c
FNL:0,12,36
FNA:0,427,grow_pool
FNL:1,122,139
FNA:1,46158,mempool_free
FNL:2,141,156
FNA:2,28,mempool_get_stats
FNL:3,38,70
FNA:3,287,mempool_create
FNL:4,72,88
FNA:4,294,mempool_destroy
FNL:5,90,120
FNA:5,46150,mempool_alloc
FNF:6
FNH:6
DA:12,427
DA:14,427
DA:15,427
DA:16,0
DA:18,427
DA:19,427
DA:20,427
DA:21,0
DA:22,0
DA:26,92813
DA:27,92386
DA:28,92386
DA:29,92386
DA:32,427
DA:33,427
DA:34,427
DA:35,427
DA:38,287
DA:41,287
DA:42,0
DA:44,287
DA:45,0
DA:48,287
DA:49,287
DA:50,0
DA:52,287
DA:53,287
DA:54,287
DA:55,0
DA:56,0
DA:59,287
DA:60,287
DA:61,0
DA:62,0
DA:63,0
DA:66,287
DA:67,287
DA:69,287
DA:72,294
DA:74,294
DA:75,7
DA:77,287
DA:78,287
DA:79,714
DA:80,427
DA:81,427
DA:82,427
DA:83,427
DA:85,287
DA:86,287
DA:87,287
DA:90,46150
DA:92,46150
DA:93,7
DA:95,46143
DA:96,0
DA:99,46148
DA:100,140
DA:101,0
DA:102,0
DA:103,0
DA:105,0
DA:109,46148
DA:110,46148
DA:111,46148
DA:112,46148
DA:113,46148
DA:114,36366
DA:116,46148
DA:118,46143
DA:119,46143
DA:122,46158
DA:124,46158
DA:125,7
DA:127,46151
DA:130,46151
DA:131,46151
DA:132,46151
DA:133,46151
DA:134,46151
DA:135,46151
DA:137,46151
DA:138,46151
DA:141,28
DA:143,28
DA:144,0
DA:146,28
DA:147,28
DA:148,28
DA:149,28
DA:150,28
DA:151,28
DA:152,28
DA:153,28
DA:154,28
DA:155,28
LF:96
LH:79
end_of_record
TN:
SF:/mnt/c/Users/91733/Downloads/subscriber_mgmt_multithreaded_fixed (1)/subscriber_mgmt_multithreaded_fixed/src/sha256.c
FNL:0,109,115
FNA:0,186200000,sm_sha256
FNL:1,117,125
FNA:1,23277,sm_hex_encode
FNL:2,127,135
FNA:2,42,sm_hex_decode
FNL:3,28,51
FNA:3,186200000,sha256_transform
FNL:4,53,61
FNA:4,186200000,sm_sha256_init
FNL:5,63,78
FNA:5,4655005152,sm_sha256_update
FNL:6,80,107
FNA:6,186200000,sm_sha256_final
FNF:7
FNH:7
DA:28,186200000
DA:31,3165400000
DA:32,2979200000
DA:33,2979200000
DA:35,9123800000
DA:36,8937600000
DA:39,186200000
DA:40,186200000
DA:42,12103000000
DA:43,11916800000
DA:44,11916800000
DA:45,11916800000
DA:46,11916800000
DA:49,186200000
DA:50,186200000
DA:51,186200000
DA:53,186200000
DA:55,186200000
DA:56,186200000
DA:57,186200000
DA:58,186200000
DA:59,186200000
DA:60,186200000
DA:61,186200000
DA:63,4655005152
DA:65,4655005152
DA:66,9310010304
DA:67,4655005152
DA:68,4655005152
DA:69,4655005152
DA:70,4655005152
DA:71,4655005152
DA:72,4655005152
DA:73,4655005152
DA:74,0
DA:75,0
DA:78,4655005152
DA:80,186200000
DA:82,186200000
DA:83,186200000
DA:84,186200000
DA:86,186200000
DA:87,4468805152
DA:88,4282605152
DA:92,1675800000
DA:93,1489600000
DA:96,186200000
DA:97,186200000
DA:98,186200000
DA:99,186200000
DA:101,1675800000
DA:102,1489600000
DA:103,1489600000
DA:104,1489600000
DA:105,1489600000
DA:107,186200000
DA:109,186200000
DA:112,186200000
DA:113,186200000
DA:114,186200000
DA:115,186200000
DA:117,23277
DA:120,586125
DA:121,562848
DA:122,562848
DA:124,23277
DA:125,23277
DA:127,42
DA:129,1050
DA:131,1008
DA:132,1008
DA:134,42
LF:72
LH:70
end_of_record
TN:
SF:/mnt/c/Users/91733/Downloads/subscriber_mgmt_multithreaded_fixed (1)/subscriber_mgmt_multithreaded_fixed/src/shared_string.c
FNL:0,109,122
FNA:0,34079,sstr_retain
FNL:1,124,154
FNA:1,179287,sstr_release
FNL:2,156,159
FNA:2,29635,sstr_cstr
FNL:3,168,177
FNA:3,7,sstr_stats_iter_cb
FNL:4,17,33
FNA:4,21,sstr_pool_init
FNL:5,179,198
FNA:5,28,sstr_pool_get_stats
FNL:6,35,53
FNA:6,21,sstr_pool_shutdown
FNL:7,55,107
FNA:7,145168,sstr_intern
FNF:8
FNH:8
DA:17,21
DA:19,21
DA:20,7
DA:22,14
DA:26,14
DA:27,0
DA:29,14
DA:30,14
DA:32,14
DA:35,21
DA:37,21
DA:38,7
DA:40,14
DA:41,14
DA:42,0
DA:48,14
DA:51,14
DA:52,14
DA:55,145168
DA:57,145168
DA:58,0
DA:60,145169
DA:61,7
DA:63,145162
DA:64,145162
DA:65,0
DA:68,145178
DA:69,0
DA:72,145222
DA:73,145222
DA:74,140768
DA:75,140768
DA:76,140768
DA:77,140754
DA:78,140754
DA:81,4454
DA:82,4454
DA:83,0
DA:84,0
DA:86,4454
DA:87,4454
DA:88,0
DA:89,0
DA:90,0
DA:92,4454
DA:93,4454
DA:94,4454
DA:96,4454
DA:97,4454
DA:98,0
DA:99,0
DA:100,0
DA:101,0
DA:104,4454
DA:105,4454
DA:106,4454
DA:109,34079
DA:111,34079
DA:112,7
DA:117,34072
DA:118,34075
DA:119,34075
DA:121,34075
DA:124,179287
DA:126,179287
DA:127,7
DA:129,179280
DA:130,0
DA:132,179297
DA:133,179297
DA:134,179297
DA:136,0
DA:137,0
DA:138,0
DA:140,0
DA:142,179297
DA:147,4454
DA:148,4454
DA:149,4454
DA:150,4454
DA:151,4454
DA:153,174843
DA:156,29635
DA:158,29635
DA:168,7
DA:171,7
DA:172,7
DA:173,7
DA:174,7
DA:175,7
DA:176,7
DA:179,28
DA:181,28
DA:182,7
DA:184,21
DA:185,7
DA:187,14
DA:189,14
DA:190,14
DA:192,14
DA:193,14
DA:194,14
DA:195,14
DA:196,14
DA:197,14
LF:105
LH:86
end_of_record
TN:
SF:/mnt/c/Users/91733/Downloads/subscriber_mgmt_multithreaded_fixed (1)/subscriber_mgmt_multithreaded_fixed/src/subscriber.c
FNL:0,101,155
FNA:0,273,subdb_create
FNL:1,160,166
FNA:1,39059,free_subscriber_locked
FNL:2,168,205
FNA:2,273,subdb_destroy
FNL:3,17,34
FNA:3,42648,sub_validate_imsi
FNL:4,215,226
FNA:4,28538,subdb_collect_cb
FNL:5,230,244
FNA:5,11355,make_snapshot
FNL:6,246,255
FNA:6,11363,subdb_free_one
FNL:7,257,266
FNA:7,3635,subdb_free_results
FNL:8,270,349
FNA:8,39025,subdb_add
FNL:9,351,372
FNA:9,10489,subdb_delete
FNL:10,36,53
FNA:10,42612,sub_validate_msisdn
FNL:11,374,426
FNA:11,6991,subdb_update
FNL:12,428,431
FNA:12,3659,subdb_count
FNL:13,435,451
FNA:13,7028,subdb_search_by_id
FNL:14,453,469
FNA:14,21,subdb_search_by_imsi
FNL:15,471,487
FNA:15,21,subdb_search_by_msisdn
FNL:16,499,509
FNA:16,597,filter_grow
FNL:17,518,539
FNA:17,21,region_match_cb
FNL:18,541,562
FNA:18,21,plan_match_cb
FNL:19,55,78
FNA:19,147999,sub_validate_name
FNL:20,564,585
FNA:20,21,status_match_cb
FNL:21,587,606
FNA:21,4292,listall_cb
FNL:22,608,630
FNA:22,21,subdb_search_by_region
FNL:23,632,654
FNA:23,21,subdb_search_by_plan
FNL:24,656,677
FNA:24,14,subdb_search_by_status
FNL:25,679,698
FNA:25,3593,subdb_list_all
FNL:26,702,718
FNA:26,2233,compare_subs
FNL:27,721,742
FNA:27,406,merge_sort_rec
FNL:28,744,756
FNA:28,28,sub_sort_merge
FNL:29,759,762
FNA:29,742,swap_ptr
FNL:30,764,770
FNA:30,49,median_of_three
FNL:31,772,813
FNA:31,77,quick_sort_rec
FNL:32,80,88
FNA:32,4876,sub_status_to_str
FNL:33,815,821
FNA:33,35,sub_sort_quick
FNL:34,827,894
FNA:34,105,subdb_save_csv
FNL:35,896,961
FNA:35,133,subdb_load_csv
FNL:36,90,97
FNA:36,3675,sub_status_from_str
FNL:37,963,984
FNA:37,28,subdb_backup
FNL:38,986,996
FNA:38,28,subdb_restore
FNF:39
FNH:39
DA:17,42648
DA:19,42648
DA:20,7
DA:23,42641
DA:24,42641
DA:25,0
DA:28,665738
DA:29,623101
DA:30,14
DA:33,42637
DA:36,42612
DA:38,42612
DA:39,0
DA:42,42612
DA:43,42612
DA:44,0
DA:47,622257
DA:48,579638
DA:49,0
DA:52,42619
DA:55,147999
DA:57,147999
DA:58,0
DA:61,147999
DA:62,147999
DA:63,0
DA:66,778074
DA:67,630069
DA:70,630069
DA:71,0
DA:73,630069
DA:74,14
DA:77,148005
DA:80,4876
DA:82,4876
DA:83,4095
DA:84,497
DA:85,280
DA:86,4
DA:90,3675
DA:92,3675
DA:93,3668
DA:94,25
DA:95,18
DA:96,11
DA:101,273
DA:103,273
DA:104,7
DA:107,266
DA:108,266
DA:109,0
DA:112,266
DA:113,266
DA:114,0
DA:115,0
DA:118,266
DA:119,266
DA:120,0
DA:121,0
DA:122,0
DA:125,266
DA:126,266
DA:127,0
DA:128,0
DA:129,0
DA:130,0
DA:133,266
DA:134,266
DA:135,0
DA:136,0
DA:137,0
DA:138,0
DA:139,0
DA:142,266
DA:143,0
DA:144,0
DA:145,0
DA:146,0
DA:147,0
DA:148,0
DA:151,266
DA:152,266
DA:153,266
DA:154,266
DA:160,39059
DA:162,39059
DA:163,39060
DA:164,39058
DA:165,39060
DA:166,39060
DA:168,273
DA:170,273
DA:171,7
DA:173,266
DA:175,266
DA:176,266
DA:182,266
DA:183,266
DA:184,266
DA:185,224
DA:186,224
DA:188,266
DA:189,266
DA:190,266
DA:192,28819
DA:193,28553
DA:195,266
DA:197,266
DA:198,266
DA:199,266
DA:200,266
DA:201,266
DA:202,266
DA:203,266
DA:204,266
DA:215,28538
DA:218,28538
DA:219,28538
DA:220,28538
DA:221,28538
DA:222,28538
DA:225,28538
DA:230,11355
DA:232,11355
DA:233,11355
DA:234,0
DA:236,11355
DA:240,11355
DA:241,11356
DA:242,11356
DA:243,11356
DA:246,11363
DA:248,11363
DA:249,7
DA:251,11356
DA:252,11356
DA:253,11356
DA:254,11356
DA:257,3635
DA:259,3635
DA:260,3192
DA:262,4771
DA:263,4328
DA:265,443
DA:270,39025
DA:274,39025
DA:275,39027
DA:276,0
DA:278,39030
DA:279,39003
DA:280,39008
DA:281,38996
DA:282,38953
DA:284,38914
DA:285,0
DA:288,39077
DA:289,39077
DA:290,21
DA:291,21
DA:292,21
DA:294,39054
DA:295,7
DA:296,7
DA:297,7
DA:300,39055
DA:301,39044
DA:302,0
DA:303,0
DA:304,0
DA:307,39044
DA:308,39044
DA:309,39044
DA:310,39044
DA:312,39044
DA:313,39054
DA:314,39052
DA:315,39059
DA:316,0
DA:317,0
DA:318,0
DA:319,0
DA:321,0
DA:324,39059
DA:325,39059
DA:326,39059
DA:327,39057
DA:331,39057
DA:332,39058
DA:333,39058
DA:335,39059
DA:336,0
DA:337,0
DA:338,0
DA:339,0
DA:340,0
DA:341,0
DA:342,0
DA:345,39059
DA:346,39059
DA:347,39006
DA:348,39008
DA:351,10489
DA:353,10489
DA:354,7
DA:356,10482
DA:357,0
DA:359,10528
DA:360,10528
DA:361,21
DA:362,21
DA:364,10507
DA:365,10507
DA:366,10507
DA:367,10507
DA:368,10507
DA:369,10507
DA:370,10473
DA:371,10473
DA:374,6991
DA:378,6991
DA:379,7
DA:381,6984
DA:382,6966
DA:383,6969
DA:384,7
DA:387,6974
DA:388,0
DA:390,7014
DA:391,7014
DA:392,7
DA:393,7
DA:395,7007
DA:397,7007
DA:398,7007
DA:399,7007
DA:400,7007
DA:401,7007
DA:404,7007
DA:405,7007
DA:406,7007
DA:407,7007
DA:408,7007
DA:411,7007
DA:412,7000
DA:413,7000
DA:414,7000
DA:415,7000
DA:418,7007
DA:419,7007
DA:421,7007
DA:423,7007
DA:424,6993
DA:425,6982
DA:428,3659
DA:430,3659
DA:435,7028
DA:437,7028
DA:438,14
DA:440,7014
DA:441,0
DA:443,7014
DA:444,7014
DA:445,7014
DA:446,7014
DA:447,7014
DA:449,7014
DA:450,7014
DA:453,21
DA:455,21
DA:456,14
DA:458,7
DA:459,0
DA:461,7
DA:462,7
DA:463,7
DA:464,7
DA:465,7
DA:467,7
DA:468,7
DA:471,21
DA:473,21
DA:474,14
DA:476,7
DA:477,0
DA:479,7
DA:480,7
DA:481,7
DA:482,7
DA:483,7
DA:485,7
DA:486,7
DA:499,597
DA:501,597
DA:502,597
DA:503,597
DA:504,0
DA:506,597
DA:507,597
DA:508,597
DA:518,21
DA:521,21
DA:522,21
DA:523,21
DA:524,14
DA:525,7
DA:526,0
DA:527,0
DA:530,14
DA:531,14
DA:532,0
DA:533,0
DA:535,14
DA:536,14
DA:538,21
DA:541,21
DA:544,21
DA:545,21
DA:546,21
DA:547,14
DA:548,7
DA:549,0
DA:550,0
DA:553,14
DA:554,14
DA:555,0
DA:556,0
DA:558,14
DA:559,14
DA:561,21
DA:564,21
DA:567,21
DA:568,21
DA:569,21
DA:570,7
DA:571,7
DA:572,0
DA:573,0
DA:576,7
DA:577,7
DA:578,0
DA:579,0
DA:581,7
DA:582,7
DA:584,21
DA:587,4292
DA:590,4292
DA:591,4292
DA:592,4292
DA:593,576
DA:594,0
DA:595,0
DA:598,4292
DA:599,4293
DA:600,0
DA:601,0
DA:603,4293
DA:604,4293
DA:605,4293
DA:608,21
DA:611,21
DA:612,14
DA:614,7
DA:615,7
DA:616,7
DA:617,7
DA:619,7
DA:620,7
DA:621,7
DA:623,7
DA:624,0
DA:625,0
DA:627,7
DA:628,7
DA:629,7
DA:632,21
DA:635,21
DA:636,14
DA:638,7
DA:639,7
DA:640,7
DA:641,7
DA:643,7
DA:644,7
DA:645,7
DA:647,7
DA:648,0
DA:649,0
DA:651,7
DA:652,7
DA:653,7
DA:656,14
DA:659,14
DA:660,7
DA:662,7
DA:663,7
DA:664,7
DA:666,7
DA:667,7
DA:668,7
DA:670,7
DA:671,0
DA:672,0
DA:674,7
DA:675,7
DA:676,7
DA:679,3593
DA:681,3593
DA:682,6
DA:684,3587
DA:685,3587
DA:687,3587
DA:688,3598
DA:689,3577
DA:691,3608
DA:692,0
DA:693,0
DA:695,3608
DA:696,3608
DA:697,3608
DA:702,2233
DA:704,2233
DA:705,63
DA:706,63
DA:707,42
DA:708,0
DA:709,798
DA:710,798
DA:711,917
DA:712,917
DA:713,455
DA:714,455
DA:715,0
DA:716,0
DA:721,406
DA:724,406
DA:725,210
DA:727,196
DA:728,196
DA:729,196
DA:731,196
DA:732,707
DA:733,511
DA:734,357
DA:736,154
DA:739,252
DA:740,539
DA:741,1106
DA:744,28
DA:746,28
DA:747,14
DA:749,14
DA:750,14
DA:751,0
DA:752,0
DA:754,14
DA:755,14
DA:759,742
DA:761,742
DA:762,742
DA:764,49
DA:766,49
DA:767,49
DA:768,49
DA:769,49
DA:772,77
DA:774,126
DA:775,119
DA:778,511
DA:779,441
DA:780,441
DA:781,623
DA:782,182
DA:783,182
DA:785,441
DA:787,70
DA:789,49
DA:790,49
DA:791,49
DA:793,49
DA:794,1008
DA:795,959
DA:796,574
DA:797,574
DA:800,49
DA:801,49
DA:805,49
DA:806,14
DA:807,14
DA:809,35
DA:810,35
DA:815,35
DA:817,35
DA:818,7
DA:820,28
DA:827,105
DA:829,105
DA:830,14
DA:833,91
DA:835,91
DA:836,91
DA:837,7
DA:838,7
DA:840,84
DA:841,0
DA:842,0
DA:845,84
DA:846,84
DA:847,84
DA:848,84
DA:849,0
DA:850,0
DA:851,0
DA:854,84
DA:855,3677
DA:856,3596
DA:857,17942
DA:858,3566
DA:859,3607
DA:860,3596
DA:861,3596
DA:862,3593
DA:864,81
DA:869,84
DA:870,84
DA:872,84
DA:873,0
DA:874,0
DA:875,0
DA:882,84
DA:883,0
DA:884,0
DA:885,0
DA:887,84
DA:888,0
DA:889,0
DA:890,0
DA:892,84
DA:893,84
DA:896,133
DA:898,133
DA:899,14
DA:901,119
DA:902,118
DA:903,7
DA:904,7
DA:908,111
DA:909,8
DA:910,7
DA:912,96
DA:913,7
DA:914,7
DA:915,7
DA:918,89
DA:919,3769
DA:920,3648
DA:921,3648
DA:922,3648
DA:923,3676
DA:928,3648
DA:930,3648
DA:932,3648
DA:933,7
DA:935,7
DA:936,7
DA:938,3641
DA:939,3636
DA:940,11
DA:942,7
DA:943,7
DA:946,3648
DA:947,3648
DA:948,3637
DA:949,3666
DA:950,14
DA:952,14
DA:953,14
DA:955,3652
DA:957,97
DA:958,97
DA:960,97
DA:963,28
DA:965,28
DA:966,21
DA:973,7
DA:974,7
DA:976,7
DA:977,7
DA:979,0
DA:982,7
DA:983,7
DA:986,28
DA:988,28
DA:989,14
DA:991,14
DA:992,7
DA:995,14
LF:596
LH:500
end_of_record
